<?xml version="1.0" encoding="UTF-8"?>
<!-- Generated by org.testng.reporters.JUnitReportReporter -->
<testsuite name="Yahoo.Login" tests="1" time="2.268" ignored="0" failures="0" timestamp="27 Apr 2020 08:42:30 GMT" skipped="0" hostname="MCS-PC" errors="0">
  <testcase name="f" time="2.268" classname="Yahoo.Login"/>
</testsuite> <!-- Yahoo.Login -->
